This file contains any messages produced by compilers while
running configure, to aid debugging if configure makes a mistake.

It was created by configure, which was
generated by GNU Autoconf 2.59.  Invocation command line was

  $ ./configure 

## --------- ##
## Platform. ##
## --------- ##

hostname = ip-10-0-2-15.ec2.internal
uname -m = x86_64
uname -r = 3.10.0-327.4.4.el7.x86_64
uname -s = Linux
uname -v = #1 SMP Tue Jan 5 16:07:00 UTC 2016

/usr/bin/uname -p = x86_64
/bin/uname -X     = unknown

/bin/arch              = x86_64
/usr/bin/arch -k       = unknown
/usr/convex/getsysinfo = unknown
hostinfo               = unknown
/bin/machine           = unknown
/usr/bin/oslevel       = unknown
/bin/universe          = unknown

PATH: /usr/local/holonet/deps/bin
PATH: /usr/local/holonet/bin
PATH: /usr/local/holonet/scripts
PATH: /usr/local/bin
PATH: /usr/bin
PATH: /usr/local/sbin
PATH: /usr/sbin
PATH: /home/tidy/.local/bin
PATH: /home/tidy/bin


## ----------- ##
## Core tests. ##
## ----------- ##

configure:1559: checking build system type
configure:1577: result: x86_64-unknown-linux
configure:1585: checking host system type
configure:1599: result: x86_64-unknown-linux
configure:1607: checking target system type
configure:1621: result: x86_64-unknown-linux
configure:1757: checking for gcc
configure:1773: found /usr/bin/gcc
configure:1783: result: gcc
configure:2027: checking for C compiler version
configure:2030: gcc --version </dev/null >&5
gcc (GCC) 4.8.5 20150623 (Red Hat 4.8.5-4)
Copyright (C) 2015 Free Software Foundation, Inc.
This is free software; see the source for copying conditions.  There is NO
warranty; not even for MERCHANTABILITY or FITNESS FOR A PARTICULAR PURPOSE.

configure:2033: $? = 0
configure:2035: gcc -v </dev/null >&5
Using built-in specs.
COLLECT_GCC=gcc
COLLECT_LTO_WRAPPER=/usr/libexec/gcc/x86_64-redhat-linux/4.8.5/lto-wrapper
Target: x86_64-redhat-linux
Configured with: ../configure --prefix=/usr --mandir=/usr/share/man --infodir=/usr/share/info --with-bugurl=http://bugzilla.redhat.com/bugzilla --enable-bootstrap --enable-shared --enable-threads=posix --enable-checking=release --with-system-zlib --enable-__cxa_atexit --disable-libunwind-exceptions --enable-gnu-unique-object --enable-linker-build-id --with-linker-hash-style=gnu --enable-languages=c,c++,objc,obj-c++,java,fortran,ada,go,lto --enable-plugin --enable-initfini-array --disable-libgcj --with-isl=/builddir/build/BUILD/gcc-4.8.5-20150702/obj-x86_64-redhat-linux/isl-install --with-cloog=/builddir/build/BUILD/gcc-4.8.5-20150702/obj-x86_64-redhat-linux/cloog-install --enable-gnu-indirect-function --with-tune=generic --with-arch_32=x86-64 --build=x86_64-redhat-linux
Thread model: posix
gcc version 4.8.5 20150623 (Red Hat 4.8.5-4) (GCC) 
configure:2038: $? = 0
configure:2040: gcc -V </dev/null >&5
gcc: error: unrecognized command line option '-V'
gcc: fatal error: no input files
compilation terminated.
configure:2043: $? = 4
configure:2066: checking for C compiler default output file name
configure:2069: gcc     conftest.c  >&5
configure:2072: $? = 0
configure:2118: result: a.out
configure:2123: checking whether the C compiler works
configure:2129: ./a.out
configure:2132: $? = 0
configure:2149: result: yes
configure:2156: checking whether we are cross compiling
configure:2158: result: no
configure:2161: checking for suffix of executables
configure:2163: gcc -o conftest     conftest.c  >&5
configure:2166: $? = 0
configure:2191: result: 
configure:2197: checking for suffix of object files
configure:2218: gcc -c    conftest.c >&5
configure:2221: $? = 0
configure:2243: result: o
configure:2247: checking whether we are using the GNU C compiler
configure:2271: gcc -c    conftest.c >&5
configure:2277: $? = 0
configure:2281: test -z 
			 || test ! -s conftest.err
configure:2284: $? = 0
configure:2287: test -s conftest.o
configure:2290: $? = 0
configure:2303: result: yes
configure:2309: checking whether gcc accepts -g
configure:2330: gcc -c -g  conftest.c >&5
configure:2336: $? = 0
configure:2340: test -z 
			 || test ! -s conftest.err
configure:2343: $? = 0
configure:2346: test -s conftest.o
configure:2349: $? = 0
configure:2360: result: yes
configure:2377: checking for gcc option to accept ANSI C
configure:2447: gcc  -c    conftest.c >&5
configure:2453: $? = 0
configure:2457: test -z 
			 || test ! -s conftest.err
configure:2460: $? = 0
configure:2463: test -s conftest.o
configure:2466: $? = 0
configure:2484: result: none needed
configure:2502: gcc -c    conftest.c >&5
conftest.c:2:3: error: unknown type name 'choke'
   choke me
   ^
conftest.c:2:3: error: expected '=', ',', ';', 'asm' or '__attribute__' at end of input
configure:2508: $? = 1
configure: failed program was:
| #ifndef __cplusplus
|   choke me
| #endif
configure:2647: checking how to run the C preprocessor
configure:2682: gcc -E  conftest.c
configure:2688: $? = 0
configure:2720: gcc -E  conftest.c
conftest.c:9:28: fatal error: ac_nonexistent.h: No such file or directory
 #include <ac_nonexistent.h>
                            ^
compilation terminated.
configure:2726: $? = 1
configure: failed program was:
| /* confdefs.h.  */
| 
| #define PACKAGE_NAME ""
| #define PACKAGE_TARNAME ""
| #define PACKAGE_VERSION ""
| #define PACKAGE_STRING ""
| #define PACKAGE_BUGREPORT ""
| /* end confdefs.h.  */
| #include <ac_nonexistent.h>
configure:2765: result: gcc -E
configure:2789: gcc -E  conftest.c
configure:2795: $? = 0
configure:2827: gcc -E  conftest.c
conftest.c:9:28: fatal error: ac_nonexistent.h: No such file or directory
 #include <ac_nonexistent.h>
                            ^
compilation terminated.
configure:2833: $? = 1
configure: failed program was:
| /* confdefs.h.  */
| 
| #define PACKAGE_NAME ""
| #define PACKAGE_TARNAME ""
| #define PACKAGE_VERSION ""
| #define PACKAGE_STRING ""
| #define PACKAGE_BUGREPORT ""
| /* end confdefs.h.  */
| #include <ac_nonexistent.h>
configure:2957: checking for g++
configure:2973: found /usr/bin/g++
configure:2983: result: g++
configure:2999: checking for C++ compiler version
configure:3002: g++ --version </dev/null >&5
g++ (GCC) 4.8.5 20150623 (Red Hat 4.8.5-4)
Copyright (C) 2015 Free Software Foundation, Inc.
This is free software; see the source for copying conditions.  There is NO
warranty; not even for MERCHANTABILITY or FITNESS FOR A PARTICULAR PURPOSE.

configure:3005: $? = 0
configure:3007: g++ -v </dev/null >&5
Using built-in specs.
COLLECT_GCC=g++
COLLECT_LTO_WRAPPER=/usr/libexec/gcc/x86_64-redhat-linux/4.8.5/lto-wrapper
Target: x86_64-redhat-linux
Configured with: ../configure --prefix=/usr --mandir=/usr/share/man --infodir=/usr/share/info --with-bugurl=http://bugzilla.redhat.com/bugzilla --enable-bootstrap --enable-shared --enable-threads=posix --enable-checking=release --with-system-zlib --enable-__cxa_atexit --disable-libunwind-exceptions --enable-gnu-unique-object --enable-linker-build-id --with-linker-hash-style=gnu --enable-languages=c,c++,objc,obj-c++,java,fortran,ada,go,lto --enable-plugin --enable-initfini-array --disable-libgcj --with-isl=/builddir/build/BUILD/gcc-4.8.5-20150702/obj-x86_64-redhat-linux/isl-install --with-cloog=/builddir/build/BUILD/gcc-4.8.5-20150702/obj-x86_64-redhat-linux/cloog-install --enable-gnu-indirect-function --with-tune=generic --with-arch_32=x86-64 --build=x86_64-redhat-linux
Thread model: posix
gcc version 4.8.5 20150623 (Red Hat 4.8.5-4) (GCC) 
configure:3010: $? = 0
configure:3012: g++ -V </dev/null >&5
g++: error: unrecognized command line option '-V'
g++: fatal error: no input files
compilation terminated.
configure:3015: $? = 4
configure:3018: checking whether we are using the GNU C++ compiler
configure:3042: g++ -c    conftest.cc >&5
configure:3048: $? = 0
configure:3052: test -z 
			 || test ! -s conftest.err
configure:3055: $? = 0
configure:3058: test -s conftest.o
configure:3061: $? = 0
configure:3074: result: yes
configure:3080: checking whether g++ accepts -g
configure:3101: g++ -c -g  conftest.cc >&5
configure:3107: $? = 0
configure:3111: test -z 
			 || test ! -s conftest.err
configure:3114: $? = 0
configure:3117: test -s conftest.o
configure:3120: $? = 0
configure:3131: result: yes
configure:3173: g++ -c    conftest.cc >&5
configure:3179: $? = 0
configure:3183: test -z 
			 || test ! -s conftest.err
configure:3186: $? = 0
configure:3189: test -s conftest.o
configure:3192: $? = 0
configure:3218: g++ -c    conftest.cc >&5
conftest.cc: In function 'int main()':
conftest.cc:13:9: error: 'exit' was not declared in this scope
 exit (42);
         ^
configure:3224: $? = 1
configure: failed program was:
| /* confdefs.h.  */
| 
| #define PACKAGE_NAME ""
| #define PACKAGE_TARNAME ""
| #define PACKAGE_VERSION ""
| #define PACKAGE_STRING ""
| #define PACKAGE_BUGREPORT ""
| /* end confdefs.h.  */
| 
| int
| main ()
| {
| exit (42);
|   ;
|   return 0;
| }
configure:3173: g++ -c    conftest.cc >&5
conftest.cc:9:40: error: 'void std::exit(int)' should have been declared inside 'std'
 extern "C" void std::exit (int) throw (); using std::exit;
                                        ^
configure:3179: $? = 1
configure: failed program was:
| /* confdefs.h.  */
| 
| #define PACKAGE_NAME ""
| #define PACKAGE_TARNAME ""
| #define PACKAGE_VERSION ""
| #define PACKAGE_STRING ""
| #define PACKAGE_BUGREPORT ""
| /* end confdefs.h.  */
| extern "C" void std::exit (int) throw (); using std::exit;
| #include <stdlib.h>
| int
| main ()
| {
| exit (42);
|   ;
|   return 0;
| }
configure:3173: g++ -c    conftest.cc >&5
conftest.cc:9:31: error: 'void std::exit(int)' should have been declared inside 'std'
 extern "C" void std::exit (int); using std::exit;
                               ^
In file included from conftest.cc:10:0:
/usr/include/stdlib.h:542:70: error: declaration of 'void std::exit(int) throw ()' has a different exception specifier
 extern void exit (int __status) __THROW __attribute__ ((__noreturn__));
                                                                      ^
conftest.cc:9:17: error: from previous declaration 'void std::exit(int)'
 extern "C" void std::exit (int); using std::exit;
                 ^
configure:3179: $? = 1
configure: failed program was:
| /* confdefs.h.  */
| 
| #define PACKAGE_NAME ""
| #define PACKAGE_TARNAME ""
| #define PACKAGE_VERSION ""
| #define PACKAGE_STRING ""
| #define PACKAGE_BUGREPORT ""
| /* end confdefs.h.  */
| extern "C" void std::exit (int); using std::exit;
| #include <stdlib.h>
| int
| main ()
| {
| exit (42);
|   ;
|   return 0;
| }
configure:3173: g++ -c    conftest.cc >&5
configure:3179: $? = 0
configure:3183: test -z 
			 || test ! -s conftest.err
configure:3186: $? = 0
configure:3189: test -s conftest.o
configure:3192: $? = 0
configure:3218: g++ -c    conftest.cc >&5
configure:3224: $? = 0
configure:3228: test -z 
			 || test ! -s conftest.err
configure:3231: $? = 0
configure:3234: test -s conftest.o
configure:3237: $? = 0
configure:3728: checking whether g++ supports -Wundef
configure:3761: g++ -o conftest -Wall -pedantic -W -Wpointer-arith -Wwrite-strings -O2   -Wundef   conftest.cc  >&5
configure:3767: $? = 0
configure:3771: test -z 
			 || test ! -s conftest.err
configure:3774: $? = 0
configure:3777: test -s conftest
configure:3780: $? = 0
configure:3801: result: yes
configure:3813: checking whether g++ supports -Wnon-virtual-dtor
configure:3846: g++ -o conftest -Wundef -Wall -pedantic -W -Wpointer-arith -Wwrite-strings -O2   -Wnon-virtual-dtor   conftest.cc  >&5
configure:3852: $? = 0
configure:3856: test -z 
			 || test ! -s conftest.err
configure:3859: $? = 0
configure:3862: test -s conftest
configure:3865: $? = 0
configure:3886: result: yes
configure:3898: checking whether g++ supports -Wold-style-cast
configure:3931: g++ -o conftest -Wnon-virtual-dtor -Wundef -Wall -pedantic -W -Wpointer-arith -Wwrite-strings -O2   -Wold-style-cast   conftest.cc  >&5
configure:3937: $? = 0
configure:3941: test -z 
			 || test ! -s conftest.err
configure:3944: $? = 0
configure:3947: test -s conftest
configure:3950: $? = 0
configure:3971: result: yes
configure:4076: checking whether g++ supports -fno-exceptions
configure:4109: g++ -o conftest -Wold-style-cast -Wnon-virtual-dtor -Wundef -Wall -pedantic -W -Wpointer-arith -Wwrite-strings -O2   -fno-exceptions   conftest.cc  >&5
configure:4115: $? = 0
configure:4119: test -z 
			 || test ! -s conftest.err
configure:4122: $? = 0
configure:4125: test -s conftest
configure:4128: $? = 0
configure:4149: result: yes
configure:4161: checking whether g++ supports -fno-check-new
configure:4194: g++ -o conftest -Wold-style-cast -Wnon-virtual-dtor -Wundef -Wall -pedantic -W -Wpointer-arith -Wwrite-strings -O2   -fno-exceptions -fno-check-new   conftest.cc  >&5
configure:4200: $? = 0
configure:4204: test -z 
			 || test ! -s conftest.err
configure:4207: $? = 0
configure:4210: test -s conftest
configure:4213: $? = 0
configure:4234: result: yes
configure:4246: checking whether g++ supports -fexceptions
configure:4279: g++ -o conftest -Wold-style-cast -Wnon-virtual-dtor -Wundef -Wall -pedantic -W -Wpointer-arith -Wwrite-strings -O2   -fno-exceptions -fno-check-new -fexceptions   conftest.cc  >&5
configure:4285: $? = 0
configure:4289: test -z 
			 || test ! -s conftest.err
configure:4292: $? = 0
configure:4295: test -s conftest
configure:4298: $? = 0
configure:4319: result: yes
configure:4961: checking how to run the C++ preprocessor
configure:4992: g++ -E  conftest.cc
configure:4998: $? = 0
configure:5030: g++ -E  conftest.cc
conftest.cc:12:28: fatal error: ac_nonexistent.h: No such file or directory
 #include <ac_nonexistent.h>
                            ^
compilation terminated.
configure:5036: $? = 1
configure: failed program was:
| /* confdefs.h.  */
| 
| #define PACKAGE_NAME ""
| #define PACKAGE_TARNAME ""
| #define PACKAGE_VERSION ""
| #define PACKAGE_STRING ""
| #define PACKAGE_BUGREPORT ""
| #ifdef __cplusplus
| extern "C" void exit (int) throw ();
| #endif
| /* end confdefs.h.  */
| #include <ac_nonexistent.h>
configure:5075: result: g++ -E
configure:5099: g++ -E  conftest.cc
configure:5105: $? = 0
configure:5137: g++ -E  conftest.cc
conftest.cc:12:28: fatal error: ac_nonexistent.h: No such file or directory
 #include <ac_nonexistent.h>
                            ^
compilation terminated.
configure:5143: $? = 1
configure: failed program was:
| /* confdefs.h.  */
| 
| #define PACKAGE_NAME ""
| #define PACKAGE_TARNAME ""
| #define PACKAGE_VERSION ""
| #define PACKAGE_STRING ""
| #define PACKAGE_BUGREPORT ""
| #ifdef __cplusplus
| extern "C" void exit (int) throw ();
| #endif
| /* end confdefs.h.  */
| #include <ac_nonexistent.h>
configure:5217: checking for a BSD-compatible install
configure:5272: result: /usr/bin/install -c
configure:5287: checking for -p flag to install
configure:5300: result: yes
configure:5311: checking whether build environment is sane
configure:5354: result: yes
configure:5419: checking for gawk
configure:5435: found /usr/bin/gawk
configure:5445: result: gawk
configure:5455: checking whether make sets $(MAKE)
configure:5475: result: yes
configure:5505: checking for style of include used by make
configure:5533: result: GNU
configure:5700: checking dependency style of gcc
configure:5790: result: gcc3
configure:5809: checking dependency style of g++
configure:5899: result: gcc3
configure:5993: checking for a sed that does not truncate output
configure:6047: result: /usr/bin/sed
configure:6050: checking for egrep
configure:6060: result: grep -E
configure:6076: checking for ld used by gcc
configure:6143: result: /usr/bin/ld
configure:6152: checking if the linker (/usr/bin/ld) is GNU ld
configure:6167: result: yes
configure:6172: checking for /usr/bin/ld option to reload object files
configure:6179: result: -r
configure:6197: checking for BSD-compatible nm
configure:6239: result: /usr/bin/nm -B
configure:6243: checking whether ln -s works
configure:6247: result: yes
configure:6254: checking how to recognise dependent libraries
configure:6426: result: pass_all
configure:6511: gcc -c -O2    conftest.c >&5
configure:6514: $? = 0
configure:6636: checking for ANSI C header files
configure:6661: gcc -c -O2    conftest.c >&5
configure:6667: $? = 0
configure:6671: test -z 
			 || test ! -s conftest.err
configure:6674: $? = 0
configure:6677: test -s conftest.o
configure:6680: $? = 0
configure:6769: gcc -o conftest -O2     conftest.c  >&5
conftest.c: In function 'main':
conftest.c:29:7: warning: incompatible implicit declaration of built-in function 'exit' [enabled by default]
       exit(2);
       ^
configure:6772: $? = 0
configure:6774: ./conftest
configure:6777: $? = 0
configure:6792: result: yes
configure:6816: checking for sys/types.h
configure:6832: gcc -c -O2    conftest.c >&5
configure:6838: $? = 0
configure:6842: test -z 
			 || test ! -s conftest.err
configure:6845: $? = 0
configure:6848: test -s conftest.o
configure:6851: $? = 0
configure:6862: result: yes
configure:6816: checking for sys/stat.h
configure:6832: gcc -c -O2    conftest.c >&5
configure:6838: $? = 0
configure:6842: test -z 
			 || test ! -s conftest.err
configure:6845: $? = 0
configure:6848: test -s conftest.o
configure:6851: $? = 0
configure:6862: result: yes
configure:6816: checking for stdlib.h
configure:6832: gcc -c -O2    conftest.c >&5
configure:6838: $? = 0
configure:6842: test -z 
			 || test ! -s conftest.err
configure:6845: $? = 0
configure:6848: test -s conftest.o
configure:6851: $? = 0
configure:6862: result: yes
configure:6816: checking for string.h
configure:6832: gcc -c -O2    conftest.c >&5
configure:6838: $? = 0
configure:6842: test -z 
			 || test ! -s conftest.err
configure:6845: $? = 0
configure:6848: test -s conftest.o
configure:6851: $? = 0
configure:6862: result: yes
configure:6816: checking for memory.h
configure:6832: gcc -c -O2    conftest.c >&5
configure:6838: $? = 0
configure:6842: test -z 
			 || test ! -s conftest.err
configure:6845: $? = 0
configure:6848: test -s conftest.o
configure:6851: $? = 0
configure:6862: result: yes
configure:6816: checking for strings.h
configure:6832: gcc -c -O2    conftest.c >&5
configure:6838: $? = 0
configure:6842: test -z 
			 || test ! -s conftest.err
configure:6845: $? = 0
configure:6848: test -s conftest.o
configure:6851: $? = 0
configure:6862: result: yes
configure:6816: checking for inttypes.h
configure:6832: gcc -c -O2    conftest.c >&5
configure:6838: $? = 0
configure:6842: test -z 
			 || test ! -s conftest.err
configure:6845: $? = 0
configure:6848: test -s conftest.o
configure:6851: $? = 0
configure:6862: result: yes
configure:6816: checking for stdint.h
configure:6832: gcc -c -O2    conftest.c >&5
configure:6838: $? = 0
configure:6842: test -z 
			 || test ! -s conftest.err
configure:6845: $? = 0
configure:6848: test -s conftest.o
configure:6851: $? = 0
configure:6862: result: yes
configure:6816: checking for unistd.h
configure:6832: gcc -c -O2    conftest.c >&5
configure:6838: $? = 0
configure:6842: test -z 
			 || test ! -s conftest.err
configure:6845: $? = 0
configure:6848: test -s conftest.o
configure:6851: $? = 0
configure:6862: result: yes
configure:6888: checking dlfcn.h usability
configure:6900: gcc -c -O2    conftest.c >&5
configure:6906: $? = 0
configure:6910: test -z 
			 || test ! -s conftest.err
configure:6913: $? = 0
configure:6916: test -s conftest.o
configure:6919: $? = 0
configure:6929: result: yes
configure:6933: checking dlfcn.h presence
configure:6943: gcc -E  conftest.c
configure:6949: $? = 0
configure:6969: result: yes
configure:7004: checking for dlfcn.h
configure:7011: result: yes
configure:7034: checking how to run the C++ preprocessor
configure:7148: result: g++ -E
configure:7172: g++ -E  conftest.cc
configure:7178: $? = 0
configure:7210: g++ -E  conftest.cc
conftest.cc:23:28: fatal error: ac_nonexistent.h: No such file or directory
 #include <ac_nonexistent.h>
                            ^
compilation terminated.
configure:7216: $? = 1
configure: failed program was:
| /* confdefs.h.  */
| 
| #define PACKAGE_NAME ""
| #define PACKAGE_TARNAME ""
| #define PACKAGE_VERSION ""
| #define PACKAGE_STRING ""
| #define PACKAGE_BUGREPORT ""
| #ifdef __cplusplus
| extern "C" void exit (int) throw ();
| #endif
| #define STDC_HEADERS 1
| #define HAVE_SYS_TYPES_H 1
| #define HAVE_SYS_STAT_H 1
| #define HAVE_STDLIB_H 1
| #define HAVE_STRING_H 1
| #define HAVE_MEMORY_H 1
| #define HAVE_STRINGS_H 1
| #define HAVE_INTTYPES_H 1
| #define HAVE_STDINT_H 1
| #define HAVE_UNISTD_H 1
| #define HAVE_DLFCN_H 1
| /* end confdefs.h.  */
| #include <ac_nonexistent.h>
configure:7312: checking for g77
configure:7341: result: no
configure:7312: checking for f77
configure:7341: result: no
configure:7312: checking for xlf
configure:7341: result: no
configure:7312: checking for frt
configure:7341: result: no
configure:7312: checking for pgf77
configure:7341: result: no
configure:7312: checking for fort77
configure:7341: result: no
configure:7312: checking for fl32
configure:7341: result: no
configure:7312: checking for af77
configure:7341: result: no
configure:7312: checking for f90
configure:7341: result: no
configure:7312: checking for xlf90
configure:7341: result: no
configure:7312: checking for pgf90
configure:7341: result: no
configure:7312: checking for epcf90
configure:7341: result: no
configure:7312: checking for f95
configure:7341: result: no
configure:7312: checking for fort
configure:7341: result: no
configure:7312: checking for xlf95
configure:7341: result: no
configure:7312: checking for ifc
configure:7341: result: no
configure:7312: checking for efc
configure:7341: result: no
configure:7312: checking for pgf95
configure:7341: result: no
configure:7312: checking for lf95
configure:7341: result: no
configure:7312: checking for gfortran
configure:7341: result: no
configure:7353: checking for Fortran 77 compiler version
configure:7356:  --version </dev/null >&5
./configure: line 7357: --version: command not found
configure:7359: $? = 127
configure:7361:  -v </dev/null >&5
./configure: line 7362: -v: command not found
configure:7364: $? = 127
configure:7366:  -V </dev/null >&5
./configure: line 7367: -V: command not found
configure:7369: $? = 127
configure:7377: checking whether we are using the GNU Fortran 77 compiler
configure:7391:  -c  conftest.F >&5
./configure: line 7392: -c: command not found
configure:7397: $? = 127
configure: failed program was:
|       program main
| #ifndef __GNUC__
|        choke me
| #endif
| 
|       end
configure:7423: result: no
configure:7429: checking whether  accepts -g
configure:7441:  -c -g conftest.f >&5
./configure: line 7442: -c: command not found
configure:7447: $? = 127
configure: failed program was:
|       program main
| 
|       end
configure:7472: result: no
configure:7502: checking the maximum length of command line arguments
configure:7594: result: 32768
configure:7605: checking command to parse /usr/bin/nm -B output from gcc object
configure:7701: gcc -c -O2    conftest.c >&5
configure:7704: $? = 0
configure:7708: /usr/bin/nm -B conftest.o \| sed -n -e 's/^.*[ 	]\([ABCDGIRSTW][ABCDGIRSTW]*\)[ 	][ 	]*\([_A-Za-z][_A-Za-z0-9]*\)$/\1 \2 \2/p' \> conftest.nm
configure:7711: $? = 0
configure:7763: gcc -o conftest -O2     conftest.c conftstm.o >&5
configure:7766: $? = 0
configure:7804: result: ok
configure:7808: checking for objdir
configure:7823: result: .libs
configure:7913: checking for ar
configure:7929: found /usr/bin/ar
configure:7940: result: ar
configure:7993: checking for ranlib
configure:8009: found /usr/bin/ranlib
configure:8020: result: ranlib
configure:8073: checking for strip
configure:8089: found /usr/bin/strip
configure:8100: result: strip
configure:8387: checking if gcc static flag  works
configure:8415: result: yes
configure:8433: checking if gcc supports -fno-rtti -fno-exceptions
configure:8451: gcc -c -O2    -fno-rtti -fno-exceptions conftest.c >&5
cc1: warning: command line option '-fno-rtti' is valid for C++/ObjC++ but not for C [enabled by default]
configure:8455: $? = 0
configure:8468: result: no
configure:8483: checking for gcc option to produce PIC
configure:8687: result: -fPIC
configure:8695: checking if gcc PIC flag -fPIC works
configure:8713: gcc -c -O2    -fPIC -DPIC conftest.c >&5
configure:8717: $? = 0
configure:8730: result: yes
configure:8754: checking if gcc supports -c -o file.o
configure:8775: gcc -c -O2    -o out/conftest2.o conftest.c >&5
configure:8779: $? = 0
configure:8801: result: yes
configure:8827: checking whether the gcc linker (/usr/bin/ld -m elf_x86_64) supports shared libraries
configure:9723: result: yes
configure:9749: checking whether -lc should be explicitly linked in
configure:9754: gcc -c -O2    conftest.c >&5
configure:9757: $? = 0
configure:9771: gcc -shared conftest.o  -v -Wl,-soname -Wl,conftest -o conftest 2\>\&1 \| grep  -lc  \>/dev/null 2\>\&1
configure:9774: $? = 0
configure:9786: result: no
configure:9794: checking dynamic linker characteristics
configure:10340: result: GNU/Linux ld.so
configure:10344: checking how to hardcode library paths into programs
configure:10369: result: immediate
configure:10383: checking whether stripping libraries is possible
configure:10388: result: yes
configure:11218: checking if libtool supports shared libraries
configure:11220: result: yes
configure:11223: checking whether to build shared libraries
configure:11244: result: yes
configure:11247: checking whether to build static libraries
configure:11251: result: no
configure:11343: creating libtool
configure:11921: checking for ld used by g++
configure:11988: result: /usr/bin/ld -m elf_x86_64
configure:11997: checking if the linker (/usr/bin/ld -m elf_x86_64) is GNU ld
configure:12012: result: yes
configure:12063: checking whether the g++ linker (/usr/bin/ld -m elf_x86_64) supports shared libraries
configure:12950: result: yes
configure:12968: g++ -c -Wold-style-cast -Wnon-virtual-dtor -Wundef -Wall -pedantic -W -Wpointer-arith -Wwrite-strings -O2 -fno-exceptions -fno-check-new  conftest.cc >&5
configure:12971: $? = 0
configure:13067: checking for g++ option to produce PIC
configure:13335: result: -fPIC
configure:13343: checking if g++ PIC flag -fPIC works
configure:13361: g++ -c -Wold-style-cast -Wnon-virtual-dtor -Wundef -Wall -pedantic -W -Wpointer-arith -Wwrite-strings -O2 -fno-exceptions -fno-check-new  -fPIC -DPIC conftest.cc >&5
configure:13365: $? = 0
configure:13378: result: yes
configure:13402: checking if g++ supports -c -o file.o
configure:13423: g++ -c -Wold-style-cast -Wnon-virtual-dtor -Wundef -Wall -pedantic -W -Wpointer-arith -Wwrite-strings -O2 -fno-exceptions -fno-check-new  -o out/conftest2.o conftest.cc >&5
configure:13427: $? = 0
configure:13449: result: yes
configure:13475: checking whether the g++ linker (/usr/bin/ld -m elf_x86_64) supports shared libraries
configure:13500: result: yes
configure:13571: checking dynamic linker characteristics
configure:14117: result: GNU/Linux ld.so
configure:14121: checking how to hardcode library paths into programs
configure:14146: result: immediate
configure:14160: checking whether stripping libraries is possible
configure:14165: result: yes
configure:21767: checking for C++ compiler version
configure:21770: g++ --version </dev/null >&5
g++ (GCC) 4.8.5 20150623 (Red Hat 4.8.5-4)
Copyright (C) 2015 Free Software Foundation, Inc.
This is free software; see the source for copying conditions.  There is NO
warranty; not even for MERCHANTABILITY or FITNESS FOR A PARTICULAR PURPOSE.

configure:21773: $? = 0
configure:21775: g++ -v </dev/null >&5
Using built-in specs.
COLLECT_GCC=g++
COLLECT_LTO_WRAPPER=/usr/libexec/gcc/x86_64-redhat-linux/4.8.5/lto-wrapper
Target: x86_64-redhat-linux
Configured with: ../configure --prefix=/usr --mandir=/usr/share/man --infodir=/usr/share/info --with-bugurl=http://bugzilla.redhat.com/bugzilla --enable-bootstrap --enable-shared --enable-threads=posix --enable-checking=release --with-system-zlib --enable-__cxa_atexit --disable-libunwind-exceptions --enable-gnu-unique-object --enable-linker-build-id --with-linker-hash-style=gnu --enable-languages=c,c++,objc,obj-c++,java,fortran,ada,go,lto --enable-plugin --enable-initfini-array --disable-libgcj --with-isl=/builddir/build/BUILD/gcc-4.8.5-20150702/obj-x86_64-redhat-linux/isl-install --with-cloog=/builddir/build/BUILD/gcc-4.8.5-20150702/obj-x86_64-redhat-linux/cloog-install --enable-gnu-indirect-function --with-tune=generic --with-arch_32=x86-64 --build=x86_64-redhat-linux
Thread model: posix
gcc version 4.8.5 20150623 (Red Hat 4.8.5-4) (GCC) 
configure:21778: $? = 0
configure:21780: g++ -V </dev/null >&5
g++: error: unrecognized command line option '-V'
g++: fatal error: no input files
compilation terminated.
configure:21783: $? = 4
configure:21786: checking whether we are using the GNU C++ compiler
configure:21842: result: yes
configure:21848: checking whether g++ accepts -g
configure:21899: result: yes
configure:21941: g++ -c -Wold-style-cast -Wnon-virtual-dtor -Wundef -Wall -pedantic -W -Wpointer-arith -Wwrite-strings -O2 -fno-exceptions -fno-check-new  conftest.cc >&5
configure:21947: $? = 0
configure:21951: test -z 
			 || test ! -s conftest.err
configure:21954: $? = 0
configure:21957: test -s conftest.o
configure:21960: $? = 0
configure:21986: g++ -c -Wold-style-cast -Wnon-virtual-dtor -Wundef -Wall -pedantic -W -Wpointer-arith -Wwrite-strings -O2 -fno-exceptions -fno-check-new  conftest.cc >&5
configure:21992: $? = 0
configure:21996: test -z 
			 || test ! -s conftest.err
configure:21999: $? = 0
configure:22002: test -s conftest.o
configure:22005: $? = 0
configure:22032: checking for gawk
configure:22058: result: gawk
configure:22114: checking for gcc
configure:22140: result: gcc
configure:22384: checking for C compiler version
configure:22387: gcc --version </dev/null >&5
gcc (GCC) 4.8.5 20150623 (Red Hat 4.8.5-4)
Copyright (C) 2015 Free Software Foundation, Inc.
This is free software; see the source for copying conditions.  There is NO
warranty; not even for MERCHANTABILITY or FITNESS FOR A PARTICULAR PURPOSE.

configure:22390: $? = 0
configure:22392: gcc -v </dev/null >&5
Using built-in specs.
COLLECT_GCC=gcc
COLLECT_LTO_WRAPPER=/usr/libexec/gcc/x86_64-redhat-linux/4.8.5/lto-wrapper
Target: x86_64-redhat-linux
Configured with: ../configure --prefix=/usr --mandir=/usr/share/man --infodir=/usr/share/info --with-bugurl=http://bugzilla.redhat.com/bugzilla --enable-bootstrap --enable-shared --enable-threads=posix --enable-checking=release --with-system-zlib --enable-__cxa_atexit --disable-libunwind-exceptions --enable-gnu-unique-object --enable-linker-build-id --with-linker-hash-style=gnu --enable-languages=c,c++,objc,obj-c++,java,fortran,ada,go,lto --enable-plugin --enable-initfini-array --disable-libgcj --with-isl=/builddir/build/BUILD/gcc-4.8.5-20150702/obj-x86_64-redhat-linux/isl-install --with-cloog=/builddir/build/BUILD/gcc-4.8.5-20150702/obj-x86_64-redhat-linux/cloog-install --enable-gnu-indirect-function --with-tune=generic --with-arch_32=x86-64 --build=x86_64-redhat-linux
Thread model: posix
gcc version 4.8.5 20150623 (Red Hat 4.8.5-4) (GCC) 
configure:22395: $? = 0
configure:22397: gcc -V </dev/null >&5
gcc: error: unrecognized command line option '-V'
gcc: fatal error: no input files
compilation terminated.
configure:22400: $? = 4
configure:22403: checking whether we are using the GNU C compiler
configure:22459: result: yes
configure:22465: checking whether gcc accepts -g
configure:22516: result: yes
configure:22533: checking for gcc option to accept ANSI C
configure:22640: result: none needed
configure:22658: gcc -c -O2    conftest.c >&5
conftest.c:2:3: error: unknown type name 'choke'
   choke me
   ^
conftest.c:2:3: error: expected '=', ',', ';', 'asm' or '__attribute__' at end of input
configure:22664: $? = 1
configure: failed program was:
| #ifndef __cplusplus
|   choke me
| #endif
configure:22802: checking how to run the C preprocessor
configure:22920: result: gcc -E
configure:22944: gcc -E  conftest.c
configure:22950: $? = 0
configure:22982: gcc -E  conftest.c
conftest.c:23:28: fatal error: ac_nonexistent.h: No such file or directory
 #include <ac_nonexistent.h>
                            ^
compilation terminated.
configure:22988: $? = 1
configure: failed program was:
| /* confdefs.h.  */
| 
| #define PACKAGE_NAME ""
| #define PACKAGE_TARNAME ""
| #define PACKAGE_VERSION ""
| #define PACKAGE_STRING ""
| #define PACKAGE_BUGREPORT ""
| #ifdef __cplusplus
| extern "C" void exit (int) throw ();
| #endif
| #define STDC_HEADERS 1
| #define HAVE_SYS_TYPES_H 1
| #define HAVE_SYS_STAT_H 1
| #define HAVE_STDLIB_H 1
| #define HAVE_STRING_H 1
| #define HAVE_MEMORY_H 1
| #define HAVE_STRINGS_H 1
| #define HAVE_INTTYPES_H 1
| #define HAVE_STDINT_H 1
| #define HAVE_UNISTD_H 1
| #define HAVE_DLFCN_H 1
| /* end confdefs.h.  */
| #include <ac_nonexistent.h>
configure:23044: checking for a BSD-compatible install
configure:23099: result: /usr/bin/install -c -p
configure:23110: checking whether ln -s works
configure:23114: result: yes
configure:23121: checking whether make sets $(MAKE)
configure:23141: result: yes
configure:23152: checking whether byte ordering is bigendian
configure:23179: gcc -c -O2    conftest.c >&5
configure:23185: $? = 0
configure:23189: test -z 
			 || test ! -s conftest.err
configure:23192: $? = 0
configure:23195: test -s conftest.o
configure:23198: $? = 0
configure:23222: gcc -c -O2    conftest.c >&5
conftest.c: In function 'main':
conftest.c:30:2: error: unknown type name 'not'
  not big endian
  ^
conftest.c:30:10: error: expected '=', ',', ';', 'asm' or '__attribute__' before 'endian'
  not big endian
          ^
configure:23228: $? = 1
configure: failed program was:
| /* confdefs.h.  */
| 
| #define PACKAGE_NAME ""
| #define PACKAGE_TARNAME ""
| #define PACKAGE_VERSION ""
| #define PACKAGE_STRING ""
| #define PACKAGE_BUGREPORT ""
| #ifdef __cplusplus
| extern "C" void exit (int) throw ();
| #endif
| #define STDC_HEADERS 1
| #define HAVE_SYS_TYPES_H 1
| #define HAVE_SYS_STAT_H 1
| #define HAVE_STDLIB_H 1
| #define HAVE_STRING_H 1
| #define HAVE_MEMORY_H 1
| #define HAVE_STRINGS_H 1
| #define HAVE_INTTYPES_H 1
| #define HAVE_STDINT_H 1
| #define HAVE_UNISTD_H 1
| #define HAVE_DLFCN_H 1
| /* end confdefs.h.  */
| #include <sys/types.h>
| #include <sys/param.h>
| 
| int
| main ()
| {
| #if BYTE_ORDER != BIG_ENDIAN
|  not big endian
| #endif
| 
|   ;
|   return 0;
| }
configure:23363: result: no
configure:23383: checking for char
configure:23407: gcc -c -O2    conftest.c >&5
configure:23413: $? = 0
configure:23417: test -z 
			 || test ! -s conftest.err
configure:23420: $? = 0
configure:23423: test -s conftest.o
configure:23426: $? = 0
configure:23437: result: yes
configure:23440: checking size of char
configure:23759: gcc -o conftest -O2     conftest.c  >&5
configure:23762: $? = 0
configure:23764: ./conftest
configure:23767: $? = 0
configure:23790: result: 1
configure:23797: checking for short
configure:23821: gcc -c -O2    conftest.c >&5
configure:23827: $? = 0
configure:23831: test -z 
			 || test ! -s conftest.err
configure:23834: $? = 0
configure:23837: test -s conftest.o
configure:23840: $? = 0
configure:23851: result: yes
configure:23854: checking size of short
configure:24173: gcc -o conftest -O2     conftest.c  >&5
configure:24176: $? = 0
configure:24178: ./conftest
configure:24181: $? = 0
configure:24204: result: 2
configure:24211: checking for long
configure:24235: gcc -c -O2    conftest.c >&5
configure:24241: $? = 0
configure:24245: test -z 
			 || test ! -s conftest.err
configure:24248: $? = 0
configure:24251: test -s conftest.o
configure:24254: $? = 0
configure:24265: result: yes
configure:24268: checking size of long
configure:24587: gcc -o conftest -O2     conftest.c  >&5
configure:24590: $? = 0
configure:24592: ./conftest
configure:24595: $? = 0
configure:24618: result: 8
configure:24625: checking for int
configure:24649: gcc -c -O2    conftest.c >&5
configure:24655: $? = 0
configure:24659: test -z 
			 || test ! -s conftest.err
configure:24662: $? = 0
configure:24665: test -s conftest.o
configure:24668: $? = 0
configure:24679: result: yes
configure:24682: checking size of int
configure:25001: gcc -o conftest -O2     conftest.c  >&5
configure:25004: $? = 0
configure:25006: ./conftest
configure:25009: $? = 0
configure:25032: result: 4
configure:25039: checking for void *
configure:25063: gcc -c -O2    conftest.c >&5
configure:25069: $? = 0
configure:25073: test -z 
			 || test ! -s conftest.err
configure:25076: $? = 0
configure:25079: test -s conftest.o
configure:25082: $? = 0
configure:25093: result: yes
configure:25096: checking size of void *
configure:25415: gcc -o conftest -O2     conftest.c  >&5
configure:25418: $? = 0
configure:25420: ./conftest
configure:25423: $? = 0
configure:25446: result: 8
configure:25455: checking for working memcmp
configure:25503: gcc -o conftest -O2     conftest.c  >&5
configure:25506: $? = 0
configure:25508: ./conftest
configure:25511: $? = 0
configure:25525: result: yes
configure:25536: checking for working strtod
configure:25579: gcc -o conftest -O2     conftest.c  >&5
conftest.c: In function 'main':
conftest.c:40:7: warning: incompatible implicit declaration of built-in function 'exit' [enabled by default]
       exit (1);
       ^
conftest.c:50:7: warning: incompatible implicit declaration of built-in function 'exit' [enabled by default]
       exit (1);
       ^
conftest.c:52:3: warning: incompatible implicit declaration of built-in function 'exit' [enabled by default]
   exit (0);
   ^
configure:25582: $? = 0
configure:25584: ./conftest
configure:25587: $? = 0
configure:25601: result: yes
configure:25790: checking for strings.h
configure:25795: result: yes
configure:25790: checking for string.h
configure:25795: result: yes
configure:25799: checking math.h usability
configure:25811: gcc -c -O2    conftest.c >&5
configure:25817: $? = 0
configure:25821: test -z 
			 || test ! -s conftest.err
configure:25824: $? = 0
configure:25827: test -s conftest.o
configure:25830: $? = 0
configure:25840: result: yes
configure:25844: checking math.h presence
configure:25854: gcc -E  conftest.c
configure:25860: $? = 0
configure:25880: result: yes
configure:25915: checking for math.h
configure:25922: result: yes
configure:25799: checking float.h usability
configure:25811: gcc -c -O2    conftest.c >&5
configure:25817: $? = 0
configure:25821: test -z 
			 || test ! -s conftest.err
configure:25824: $? = 0
configure:25827: test -s conftest.o
configure:25830: $? = 0
configure:25840: result: yes
configure:25844: checking float.h presence
configure:25854: gcc -E  conftest.c
configure:25860: $? = 0
configure:25880: result: yes
configure:25915: checking for float.h
configure:25922: result: yes
configure:25799: checking ieeefp.h usability
configure:25811: gcc -c -O2    conftest.c >&5
conftest.c:66:20: fatal error: ieeefp.h: No such file or directory
 #include <ieeefp.h>
                    ^
compilation terminated.
configure:25817: $? = 1
configure: failed program was:
| /* confdefs.h.  */
| 
| #define PACKAGE_NAME ""
| #define PACKAGE_TARNAME ""
| #define PACKAGE_VERSION ""
| #define PACKAGE_STRING ""
| #define PACKAGE_BUGREPORT ""
| #ifdef __cplusplus
| extern "C" void exit (int) throw ();
| #endif
| #define STDC_HEADERS 1
| #define HAVE_SYS_TYPES_H 1
| #define HAVE_SYS_STAT_H 1
| #define HAVE_STDLIB_H 1
| #define HAVE_STRING_H 1
| #define HAVE_MEMORY_H 1
| #define HAVE_STRINGS_H 1
| #define HAVE_INTTYPES_H 1
| #define HAVE_STDINT_H 1
| #define HAVE_UNISTD_H 1
| #define HAVE_DLFCN_H 1
| #define SIZEOF_CHAR 1
| #define SIZEOF_SHORT 2
| #define SIZEOF_LONG 8
| #define SIZEOF_INT 4
| #define SIZEOF_VOID_P 8
| #define HAVE_STRINGS_H 1
| #define HAVE_STRING_H 1
| #define HAVE_MATH_H 1
| #define HAVE_FLOAT_H 1
| /* end confdefs.h.  */
| #include <stdio.h>
| #if HAVE_SYS_TYPES_H
| # include <sys/types.h>
| #endif
| #if HAVE_SYS_STAT_H
| # include <sys/stat.h>
| #endif
| #if STDC_HEADERS
| # include <stdlib.h>
| # include <stddef.h>
| #else
| # if HAVE_STDLIB_H
| #  include <stdlib.h>
| # endif
| #endif
| #if HAVE_STRING_H
| # if !STDC_HEADERS && HAVE_MEMORY_H
| #  include <memory.h>
| # endif
| # include <string.h>
| #endif
| #if HAVE_STRINGS_H
| # include <strings.h>
| #endif
| #if HAVE_INTTYPES_H
| # include <inttypes.h>
| #else
| # if HAVE_STDINT_H
| #  include <stdint.h>
| # endif
| #endif
| #if HAVE_UNISTD_H
| # include <unistd.h>
| #endif
| #include <ieeefp.h>
configure:25840: result: no
configure:25844: checking ieeefp.h presence
configure:25854: gcc -E  conftest.c
conftest.c:32:20: fatal error: ieeefp.h: No such file or directory
 #include <ieeefp.h>
                    ^
compilation terminated.
configure:25860: $? = 1
configure: failed program was:
| /* confdefs.h.  */
| 
| #define PACKAGE_NAME ""
| #define PACKAGE_TARNAME ""
| #define PACKAGE_VERSION ""
| #define PACKAGE_STRING ""
| #define PACKAGE_BUGREPORT ""
| #ifdef __cplusplus
| extern "C" void exit (int) throw ();
| #endif
| #define STDC_HEADERS 1
| #define HAVE_SYS_TYPES_H 1
| #define HAVE_SYS_STAT_H 1
| #define HAVE_STDLIB_H 1
| #define HAVE_STRING_H 1
| #define HAVE_MEMORY_H 1
| #define HAVE_STRINGS_H 1
| #define HAVE_INTTYPES_H 1
| #define HAVE_STDINT_H 1
| #define HAVE_UNISTD_H 1
| #define HAVE_DLFCN_H 1
| #define SIZEOF_CHAR 1
| #define SIZEOF_SHORT 2
| #define SIZEOF_LONG 8
| #define SIZEOF_INT 4
| #define SIZEOF_VOID_P 8
| #define HAVE_STRINGS_H 1
| #define HAVE_STRING_H 1
| #define HAVE_MATH_H 1
| #define HAVE_FLOAT_H 1
| /* end confdefs.h.  */
| #include <ieeefp.h>
configure:25880: result: no
configure:25915: checking for ieeefp.h
configure:25922: result: no
configure:25799: checking errno.h usability
configure:25811: gcc -c -O2    conftest.c >&5
configure:25817: $? = 0
configure:25821: test -z 
			 || test ! -s conftest.err
configure:25824: $? = 0
configure:25827: test -s conftest.o
configure:25830: $? = 0
configure:25840: result: yes
configure:25844: checking errno.h presence
configure:25854: gcc -E  conftest.c
configure:25860: $? = 0
configure:25880: result: yes
configure:25915: checking for errno.h
configure:25922: result: yes
configure:25935: checking for isnan in -lm
configure:25965: gcc -o conftest -O2     conftest.c -lm   >&5
conftest.c:40:6: warning: conflicting types for built-in function 'isnan' [enabled by default]
 char isnan ();
      ^
configure:25971: $? = 0
configure:25975: test -z 
			 || test ! -s conftest.err
configure:25978: $? = 0
configure:25981: test -s conftest
configure:25984: $? = 0
configure:25997: result: yes
configure:26009: checking for finite in -lm
configure:26039: gcc -o conftest -O2     conftest.c -lm   >&5
conftest.c:41:6: warning: conflicting types for built-in function 'finite' [enabled by default]
 char finite ();
      ^
configure:26045: $? = 0
configure:26049: test -z 
			 || test ! -s conftest.err
configure:26052: $? = 0
configure:26055: test -s conftest
configure:26058: $? = 0
configure:26071: result: yes
configure:26083: checking for _finite in -lm
configure:26113: gcc -o conftest -O2     conftest.c -lm   >&5
/tmp/ccNYWOd1.o: In function `main':
conftest.c:(.text.startup+0x7): undefined reference to `_finite'
collect2: error: ld returned 1 exit status
configure:26119: $? = 1
configure: failed program was:
| /* confdefs.h.  */
| 
| #define PACKAGE_NAME ""
| #define PACKAGE_TARNAME ""
| #define PACKAGE_VERSION ""
| #define PACKAGE_STRING ""
| #define PACKAGE_BUGREPORT ""
| #ifdef __cplusplus
| extern "C" void exit (int) throw ();
| #endif
| #define STDC_HEADERS 1
| #define HAVE_SYS_TYPES_H 1
| #define HAVE_SYS_STAT_H 1
| #define HAVE_STDLIB_H 1
| #define HAVE_STRING_H 1
| #define HAVE_MEMORY_H 1
| #define HAVE_STRINGS_H 1
| #define HAVE_INTTYPES_H 1
| #define HAVE_STDINT_H 1
| #define HAVE_UNISTD_H 1
| #define HAVE_DLFCN_H 1
| #define SIZEOF_CHAR 1
| #define SIZEOF_SHORT 2
| #define SIZEOF_LONG 8
| #define SIZEOF_INT 4
| #define SIZEOF_VOID_P 8
| #define HAVE_STRINGS_H 1
| #define HAVE_STRING_H 1
| #define HAVE_MATH_H 1
| #define HAVE_FLOAT_H 1
| #define HAVE_ERRNO_H 1
| #define HAVE_FUNC_ISNAN 1
| #define HAVE_FUNC_FINITE 1
| /* end confdefs.h.  */
| 
| /* Override any gcc2 internal prototype to avoid an error.  */
| #ifdef __cplusplus
| extern "C"
| #endif
| /* We use char because int might match the return type of a gcc2
|    builtin and then its argument prototype would still apply.  */
| char _finite ();
| int
| main ()
| {
| _finite ();
|   ;
|   return 0;
| }
configure:26145: result: no
configure:26170: checking for pkg-config
configure:26188: found /usr/bin/pkg-config
configure:26201: result: /usr/bin/pkg-config
configure:26267: checking for iconv
configure:26324: gcc -o conftest -O2     conftest.c  >&5
configure:26330: $? = 0
configure:26334: test -z 
			 || test ! -s conftest.err
configure:26337: $? = 0
configure:26340: test -s conftest
configure:26343: $? = 0
configure:26355: result: yes
configure:26374: checking iconv.h usability
configure:26386: gcc -c -O2    conftest.c >&5
configure:26392: $? = 0
configure:26396: test -z 
			 || test ! -s conftest.err
configure:26399: $? = 0
configure:26402: test -s conftest.o
configure:26405: $? = 0
configure:26415: result: yes
configure:26419: checking iconv.h presence
configure:26429: gcc -E  conftest.c
configure:26435: $? = 0
configure:26455: result: yes
configure:26490: checking for iconv.h
configure:26497: result: yes
configure:26374: checking sys/iconv.h usability
configure:26386: gcc -c -O2    conftest.c >&5
conftest.c:70:23: fatal error: sys/iconv.h: No such file or directory
 #include <sys/iconv.h>
                       ^
compilation terminated.
configure:26392: $? = 1
configure: failed program was:
| /* confdefs.h.  */
| 
| #define PACKAGE_NAME ""
| #define PACKAGE_TARNAME ""
| #define PACKAGE_VERSION ""
| #define PACKAGE_STRING ""
| #define PACKAGE_BUGREPORT ""
| #ifdef __cplusplus
| extern "C" void exit (int) throw ();
| #endif
| #define STDC_HEADERS 1
| #define HAVE_SYS_TYPES_H 1
| #define HAVE_SYS_STAT_H 1
| #define HAVE_STDLIB_H 1
| #define HAVE_STRING_H 1
| #define HAVE_MEMORY_H 1
| #define HAVE_STRINGS_H 1
| #define HAVE_INTTYPES_H 1
| #define HAVE_STDINT_H 1
| #define HAVE_UNISTD_H 1
| #define HAVE_DLFCN_H 1
| #define SIZEOF_CHAR 1
| #define SIZEOF_SHORT 2
| #define SIZEOF_LONG 8
| #define SIZEOF_INT 4
| #define SIZEOF_VOID_P 8
| #define HAVE_STRINGS_H 1
| #define HAVE_STRING_H 1
| #define HAVE_MATH_H 1
| #define HAVE_FLOAT_H 1
| #define HAVE_ERRNO_H 1
| #define HAVE_FUNC_ISNAN 1
| #define HAVE_FUNC_FINITE 1
| #define HAVE_ICONV_H 1
| /* end confdefs.h.  */
| #include <stdio.h>
| #if HAVE_SYS_TYPES_H
| # include <sys/types.h>
| #endif
| #if HAVE_SYS_STAT_H
| # include <sys/stat.h>
| #endif
| #if STDC_HEADERS
| # include <stdlib.h>
| # include <stddef.h>
| #else
| # if HAVE_STDLIB_H
| #  include <stdlib.h>
| # endif
| #endif
| #if HAVE_STRING_H
| # if !STDC_HEADERS && HAVE_MEMORY_H
| #  include <memory.h>
| # endif
| # include <string.h>
| #endif
| #if HAVE_STRINGS_H
| # include <strings.h>
| #endif
| #if HAVE_INTTYPES_H
| # include <inttypes.h>
| #else
| # if HAVE_STDINT_H
| #  include <stdint.h>
| # endif
| #endif
| #if HAVE_UNISTD_H
| # include <unistd.h>
| #endif
| #include <sys/iconv.h>
configure:26415: result: no
configure:26419: checking sys/iconv.h presence
configure:26429: gcc -E  conftest.c
conftest.c:36:23: fatal error: sys/iconv.h: No such file or directory
 #include <sys/iconv.h>
                       ^
compilation terminated.
configure:26435: $? = 1
configure: failed program was:
| /* confdefs.h.  */
| 
| #define PACKAGE_NAME ""
| #define PACKAGE_TARNAME ""
| #define PACKAGE_VERSION ""
| #define PACKAGE_STRING ""
| #define PACKAGE_BUGREPORT ""
| #ifdef __cplusplus
| extern "C" void exit (int) throw ();
| #endif
| #define STDC_HEADERS 1
| #define HAVE_SYS_TYPES_H 1
| #define HAVE_SYS_STAT_H 1
| #define HAVE_STDLIB_H 1
| #define HAVE_STRING_H 1
| #define HAVE_MEMORY_H 1
| #define HAVE_STRINGS_H 1
| #define HAVE_INTTYPES_H 1
| #define HAVE_STDINT_H 1
| #define HAVE_UNISTD_H 1
| #define HAVE_DLFCN_H 1
| #define SIZEOF_CHAR 1
| #define SIZEOF_SHORT 2
| #define SIZEOF_LONG 8
| #define SIZEOF_INT 4
| #define SIZEOF_VOID_P 8
| #define HAVE_STRINGS_H 1
| #define HAVE_STRING_H 1
| #define HAVE_MATH_H 1
| #define HAVE_FLOAT_H 1
| #define HAVE_ERRNO_H 1
| #define HAVE_FUNC_ISNAN 1
| #define HAVE_FUNC_FINITE 1
| #define HAVE_ICONV_H 1
| /* end confdefs.h.  */
| #include <sys/iconv.h>
configure:26455: result: no
configure:26490: checking for sys/iconv.h
configure:26497: result: no
configure:26926: checking need for const in iconv
configure:26958: g++ -c -Wold-style-cast -Wnon-virtual-dtor -Wundef -Wall -pedantic -W -Wpointer-arith -Wwrite-strings -O2 -fno-exceptions -fno-check-new   conftest.cc >&5
conftest.cc: In function 'int main()':
conftest.cc:53:54: warning: 'handle' is used uninitialized in this function [-Wuninitialized]
  iconv (handle,const_cast<char **>(&in),&ib,&out,&ob);
                                                      ^
configure:26964: $? = 0
configure:26968: test -z 
			 || test ! -s conftest.err
configure:26971: $? = 0
configure:26974: test -s conftest.o
configure:26977: $? = 0
configure:26979: result: no
configure:27004: checking whether the iconv installation is complete enough
configure:27060: gcc -o conftest -O2       conftest.c  >&5
configure:27063: $? = 0
configure:27065: ./conftest
configure:27068: $? = 0
configure:27083: result: yes
configure:27231: creating ./config.status

## ---------------------- ##
## Running config.status. ##
## ---------------------- ##

This file was extended by config.status, which was
generated by GNU Autoconf 2.59.  Invocation command line was

  CONFIG_FILES    = 
  CONFIG_HEADERS  = 
  CONFIG_LINKS    = 
  CONFIG_COMMANDS = 
  $ ./config.status 

on ip-10-0-2-15.ec2.internal

config.status:740: creating Makefile
config.status:740: creating src/Makefile
config.status:740: creating src/generator/Makefile
config.status:740: creating tests/Makefile
config.status:740: creating wv2-config
config.status:844: creating config.h
config.status:1154: executing depfiles commands

## ---------------- ##
## Cache variables. ##
## ---------------- ##

ac_cv_build=x86_64-unknown-linux
ac_cv_build_alias=x86_64-unknown-linux
ac_cv_c_bigendian=no
ac_cv_c_compiler_gnu=yes
ac_cv_cxx_compiler_gnu=yes
ac_cv_env_CC_set=
ac_cv_env_CC_value=
ac_cv_env_CFLAGS_set=
ac_cv_env_CFLAGS_value=
ac_cv_env_CPPFLAGS_set=
ac_cv_env_CPPFLAGS_value=
ac_cv_env_CPP_set=
ac_cv_env_CPP_value=
ac_cv_env_CXXCPP_set=
ac_cv_env_CXXCPP_value=
ac_cv_env_CXXFLAGS_set=
ac_cv_env_CXXFLAGS_value=
ac_cv_env_CXX_set=
ac_cv_env_CXX_value=
ac_cv_env_F77_set=
ac_cv_env_F77_value=
ac_cv_env_FFLAGS_set=
ac_cv_env_FFLAGS_value=
ac_cv_env_LDFLAGS_set=
ac_cv_env_LDFLAGS_value=
ac_cv_env_build_alias_set=
ac_cv_env_build_alias_value=
ac_cv_env_host_alias_set=
ac_cv_env_host_alias_value=
ac_cv_env_target_alias_set=
ac_cv_env_target_alias_value=
ac_cv_exeext=
ac_cv_f77_compiler_gnu=no
ac_cv_func_iconv=yes
ac_cv_func_memcmp_working=yes
ac_cv_func_strtod=yes
ac_cv_header_dlfcn_h=yes
ac_cv_header_errno_h=yes
ac_cv_header_float_h=yes
ac_cv_header_iconv_h=yes
ac_cv_header_ieeefp_h=no
ac_cv_header_inttypes_h=yes
ac_cv_header_math_h=yes
ac_cv_header_memory_h=yes
ac_cv_header_stdc=yes
ac_cv_header_stdint_h=yes
ac_cv_header_stdlib_h=yes
ac_cv_header_string_h=yes
ac_cv_header_strings_h=yes
ac_cv_header_sys_iconv_h=no
ac_cv_header_sys_stat_h=yes
ac_cv_header_sys_types_h=yes
ac_cv_header_unistd_h=yes
ac_cv_host=x86_64-unknown-linux
ac_cv_host_alias=x86_64-unknown-linux
ac_cv_lib_m__finite=no
ac_cv_lib_m_finite=yes
ac_cv_lib_m_isnan=yes
ac_cv_objext=o
ac_cv_path_PKG_CONFIG=/usr/bin/pkg-config
ac_cv_path_install='/usr/bin/install -c'
ac_cv_prog_AWK=gawk
ac_cv_prog_CPP='gcc -E'
ac_cv_prog_CXXCPP='g++ -E'
ac_cv_prog_ac_ct_AR=ar
ac_cv_prog_ac_ct_CC=gcc
ac_cv_prog_ac_ct_CXX=g++
ac_cv_prog_ac_ct_RANLIB=ranlib
ac_cv_prog_ac_ct_STRIP=strip
ac_cv_prog_cc_g=yes
ac_cv_prog_cc_stdc=
ac_cv_prog_cxx_g=yes
ac_cv_prog_egrep='grep -E'
ac_cv_prog_f77_g=no
ac_cv_prog_make_make_set=yes
ac_cv_sizeof_char=1
ac_cv_sizeof_int=4
ac_cv_sizeof_long=8
ac_cv_sizeof_short=2
ac_cv_sizeof_void_p=8
ac_cv_target=x86_64-unknown-linux
ac_cv_target_alias=x86_64-unknown-linux
ac_cv_type_char=yes
ac_cv_type_int=yes
ac_cv_type_long=yes
ac_cv_type_short=yes
ac_cv_type_void_p=yes
am_cv_CC_dependencies_compiler_type=gcc3
am_cv_CXX_dependencies_compiler_type=gcc3
kde_cv_prog_cxx_Wnon_virtual_dtor=yes
kde_cv_prog_cxx_Wold_style_cast=yes
kde_cv_prog_cxx_Wundef=yes
kde_cv_prog_cxx_fexceptions=yes
kde_cv_prog_cxx_fno_check_new=yes
kde_cv_prog_cxx_fno_exceptions=yes
lt_cv_deplibs_check_method=pass_all
lt_cv_file_magic_cmd='$MAGIC_CMD'
lt_cv_file_magic_test_file=
lt_cv_ld_reload_flag=-r
lt_cv_objdir=.libs
lt_cv_path_LD=/usr/bin/ld
lt_cv_path_LDCXX='/usr/bin/ld -m elf_x86_64'
lt_cv_path_NM='/usr/bin/nm -B'
lt_cv_path_SED=/usr/bin/sed
lt_cv_prog_compiler_c_o=yes
lt_cv_prog_compiler_c_o_CXX=yes
lt_cv_prog_compiler_rtti_exceptions=no
lt_cv_prog_gnu_ld=yes
lt_cv_prog_gnu_ldcxx=yes
lt_cv_sys_global_symbol_pipe='sed -n -e '\''s/^.*[ 	]\([ABCDGIRSTW][ABCDGIRSTW]*\)[ 	][ 	]*\([_A-Za-z][_A-Za-z0-9]*\)$/\1 \2 \2/p'\'''
lt_cv_sys_global_symbol_to_c_name_address='sed -n -e '\''s/^: \([^ ]*\) $/  {\"\1\", (lt_ptr) 0},/p'\'' -e '\''s/^[BCDEGRST] \([^ ]*\) \([^ ]*\)$/  {"\2", (lt_ptr) \&\2},/p'\'''
lt_cv_sys_global_symbol_to_cdecl='sed -n -e '\''s/^. .* \(.*\)$/extern int \1;/p'\'''
lt_cv_sys_max_cmd_len=32768
lt_lt_cv_prog_compiler_c_o='"yes"'
lt_lt_cv_prog_compiler_c_o_CXX='"yes"'
lt_lt_cv_sys_global_symbol_pipe='"sed -n -e '\''s/^.*[ 	]\\([ABCDGIRSTW][ABCDGIRSTW]*\\)[ 	][ 	]*\\([_A-Za-z][_A-Za-z0-9]*\\)\$/\\1 \\2 \\2/p'\''"'
lt_lt_cv_sys_global_symbol_to_c_name_address='"sed -n -e '\''s/^: \\([^ ]*\\) \$/  {\\\"\\1\\\", (lt_ptr) 0},/p'\'' -e '\''s/^[BCDEGRST] \\([^ ]*\\) \\([^ ]*\\)\$/  {\"\\2\", (lt_ptr) \\&\\2},/p'\''"'
lt_lt_cv_sys_global_symbol_to_cdecl='"sed -n -e '\''s/^. .* \\(.*\\)\$/extern int \\1;/p'\''"'

## ----------------- ##
## Output variables. ##
## ----------------- ##

ACLOCAL='${SHELL} /home/tidy/wv2-0.2.3/missing --run aclocal-1.9'
AMDEPBACKSLASH='\'
AMDEP_FALSE='#'
AMDEP_TRUE=''
AMTAR='${SHELL} /home/tidy/wv2-0.2.3/missing --run tar'
AR='ar'
AUTOCONF='${SHELL} /home/tidy/wv2-0.2.3/missing --run autoconf'
AUTOHEADER='${SHELL} /home/tidy/wv2-0.2.3/missing --run autoheader'
AUTOMAKE='${SHELL} /home/tidy/wv2-0.2.3/missing --run automake-1.9'
AWK='gawk'
CC='gcc'
CCDEPMODE='depmode=gcc3'
CFLAGS='-O2  '
CPP='gcc -E'
CPPFLAGS=''
CXX='g++'
CXXCPP='g++ -E'
CXXDEPMODE='depmode=gcc3'
CXXFLAGS='-Wold-style-cast -Wnon-virtual-dtor -Wundef -Wall -pedantic -W -Wpointer-arith -Wwrite-strings -O2 -fno-exceptions -fno-check-new'
CYGPATH_W='echo'
DEFS='-DHAVE_CONFIG_H'
DEPDIR='.deps'
ECHO='echo'
ECHO_C=''
ECHO_N='-n'
ECHO_T=''
EGREP='grep -E'
EXEEXT=''
F77=''
FFLAGS=''
INSTALL_DATA='${INSTALL} -m 644'
INSTALL_PROGRAM='${INSTALL} $(INSTALL_STRIP_FLAG)'
INSTALL_SCRIPT='${INSTALL}'
INSTALL_STRIP_PROGRAM='${SHELL} $(install_sh) -c -s'
LDFLAGS=''
LIBOBJS=''
LIBS=''
LIBTOOL='$(SHELL) $(top_builddir)/libtool'
LN_S='ln -s'
LTLIBOBJS=''
LT_AGE='0'
LT_CURRENT='1'
LT_REVISION='8'
MAKEINFO='${SHELL} /home/tidy/wv2-0.2.3/missing --run makeinfo'
NOOPT_CFLAGS='-O0'
NOOPT_CXXFLAGS='-O0'
OBJEXT='o'
PACKAGE='wv2'
PACKAGE_BUGREPORT=''
PACKAGE_NAME=''
PACKAGE_STRING=''
PACKAGE_TARNAME=''
PACKAGE_VERSION=''
PATH_SEPARATOR=':'
PKG_CONFIG='/usr/bin/pkg-config'
POW_LIB=''
RANLIB='ranlib'
SET_MAKE=''
SHELL='/bin/sh'
STRIP='strip'
USE_EXCEPTIONS='-fexceptions'
USE_RTTI=''
VERSION='0.2.3'
WOVERLOADED_VIRTUAL=''
WV_CFLAGS=''
WV_ICONV_CFLAGS=''
WV_ICONV_LDFLAGS=''
WV_LDFLAGS=''
WV_MAJOR_VERSION='0'
WV_MICRO_VERSION='3'
WV_MINOR_VERSION='2'
WV_VERSION='0.2.3'
ac_ct_AR='ar'
ac_ct_CC='gcc'
ac_ct_CXX='g++'
ac_ct_F77=''
ac_ct_RANLIB='ranlib'
ac_ct_STRIP='strip'
am__fastdepCC_FALSE='#'
am__fastdepCC_TRUE=''
am__fastdepCXX_FALSE='#'
am__fastdepCXX_TRUE=''
am__include='include'
am__leading_dot='.'
am__quote=''
am__tar='${AMTAR} chof - "$$tardir"'
am__untar='${AMTAR} xf -'
bindir='${exec_prefix}/bin'
build='x86_64-unknown-linux'
build_alias=''
build_cpu='x86_64'
build_os='linux'
build_vendor='unknown'
datadir='${prefix}/share'
exec_prefix='${prefix}'
host='x86_64-unknown-linux'
host_alias=''
host_cpu='x86_64'
host_os='linux'
host_vendor='unknown'
includedir='${prefix}/include'
infodir='${prefix}/info'
install_sh='/home/tidy/wv2-0.2.3/install-sh'
libdir='${exec_prefix}/lib'
libexecdir='${exec_prefix}/libexec'
localstatedir='${prefix}/var'
mandir='${prefix}/man'
mkdir_p='mkdir -p --'
oldincludedir='/usr/include'
prefix='/usr/local'
program_transform_name='s,x,x,'
sbindir='${exec_prefix}/sbin'
sharedstatedir='${prefix}/com'
sysconfdir='${prefix}/etc'
target='x86_64-unknown-linux'
target_alias=''
target_cpu='x86_64'
target_os='linux'
target_vendor='unknown'

## ----------- ##
## confdefs.h. ##
## ----------- ##

#define HAVE_DLFCN_H 1
#define HAVE_ERRNO_H 1
#define HAVE_FLOAT_H 1
#define HAVE_FUNC_FINITE 1
#define HAVE_FUNC_ISNAN 1
#define HAVE_ICONV_H 1
#define HAVE_INTTYPES_H 1
#define HAVE_MATH_H 1
#define HAVE_MEMORY_H 1
#define HAVE_STDINT_H 1
#define HAVE_STDLIB_H 1
#define HAVE_STRINGS_H 1
#define HAVE_STRINGS_H 1
#define HAVE_STRING_H 1
#define HAVE_STRING_H 1
#define HAVE_SYS_STAT_H 1
#define HAVE_SYS_TYPES_H 1
#define HAVE_UNISTD_H 1
#define PACKAGE_BUGREPORT ""
#define PACKAGE_NAME ""
#define PACKAGE_STRING ""
#define PACKAGE_TARNAME ""
#define PACKAGE_VERSION ""
#define SIZEOF_CHAR 1
#define SIZEOF_INT 4
#define SIZEOF_LONG 8
#define SIZEOF_SHORT 2
#define SIZEOF_VOID_P 8
#define STDC_HEADERS 1
#endif
#ifdef __cplusplus
extern "C" void exit (int) throw ();

configure: exit 0
